<?xml version="1.0" encoding="UTF-8"?>
<!-- Generated by org.testng.reporters.JUnitReportReporter -->
<testsuite skipped="0" hostname="kupravin01" name="com.pk.ATAChallenge2019.JUnitTest2" tests="1" failures="0" timestamp="2019-10-15T17:09:15 IST" time="12.015" errors="0">
  <testcase name="ciiOnlineRegistartionTest" time="12.015" classname="com.pk.ATAChallenge2019.JUnitTest2"/>
</testsuite> <!-- com.pk.ATAChallenge2019.JUnitTest2 -->
