<?xml version="1.0" encoding="UTF-8"?>
<!-- Generated by org.testng.reporters.JUnitReportReporter -->
<testsuite skipped="0" hostname="kupravin01" name="com.pk.ATAChallenge2019.JUnitTest1" tests="1" failures="0" timestamp="2019-11-13T14:41:10 IST" time="26.376" errors="0">
  <testcase name="agiletestingallianceChromeTest1" time="26.376" classname="com.pk.ATAChallenge2019.JUnitTest1"/>
</testsuite> <!-- com.pk.ATAChallenge2019.JUnitTest1 -->
