<?xml version="1.0" encoding="UTF-8"?>
<!-- Generated by org.testng.reporters.JUnitReportReporter -->
<testsuite skipped="0" hostname="kupravin01" name="com.pk.ATAChallenge2019.TestngTest4" tests="1" failures="0" timestamp="2019-11-13T14:41:10 IST" time="16.388" errors="0">
  <testcase name="nseindiaChromeTest4" time="16.388" classname="com.pk.ATAChallenge2019.TestngTest4"/>
</testsuite> <!-- com.pk.ATAChallenge2019.TestngTest4 -->
