<?xml version="1.0" encoding="UTF-8"?>
<!-- Generated by org.testng.reporters.JUnitReportReporter -->
<testsuite skipped="0" hostname="kupravin01" name="com.pk.ATAChallenge2019.TestngTest3" tests="1" failures="0" timestamp="2019-11-08T20:51:41 IST" time="83.889" errors="0">
  <testcase name="nseindiaFirfoxTest" time="83.889" classname="com.pk.ATAChallenge2019.TestngTest3"/>
</testsuite> <!-- com.pk.ATAChallenge2019.TestngTest3 -->
