<?xml version="1.0" encoding="UTF-8"?>
<!-- Generated by org.testng.reporters.JUnitReportReporter -->
<testsuite skipped="0" hostname="kupravin01" name="com.pk.ATAChallenge2019.TestngTest6" tests="1" failures="0" timestamp="2019-11-11T21:48:53 IST" time="367.960" errors="0">
  <testcase name="nseindiaChromeTest6" time="367.960" classname="com.pk.ATAChallenge2019.TestngTest6"/>
</testsuite> <!-- com.pk.ATAChallenge2019.TestngTest6 -->
