<?xml version="1.0" encoding="UTF-8"?>
<!-- Generated by org.testng.reporters.JUnitReportReporter -->
<testsuite skipped="0" hostname="kupravin01" name="com.pk.ATAChallenge2019.TestngTest5" tests="1" failures="0" timestamp="2019-11-08T22:10:33 IST" time="23.505" errors="0">
  <testcase name="shopperStopChromeTest5" time="23.505" classname="com.pk.ATAChallenge2019.TestngTest5"/>
</testsuite> <!-- com.pk.ATAChallenge2019.TestngTest5 -->
