<?xml version="1.0" encoding="UTF-8"?>
<!-- Generated by org.testng.reporters.JUnitReportReporter -->
<testsuite skipped="0" hostname="kupravin01" name="com.pk.ATAChallenge2019.TestngTest4" tests="1" failures="0" timestamp="2019-11-08T21:10:37 IST" time="14.920" errors="0">
  <testcase name="nseindiaChromeTest4" time="14.920" classname="com.pk.ATAChallenge2019.TestngTest4"/>
</testsuite> <!-- com.pk.ATAChallenge2019.TestngTest4 -->
