<?xml version="1.0" encoding="UTF-8"?>
<!-- Generated by org.testng.reporters.JUnitReportReporter -->
<testsuite skipped="0" hostname="kupravin01" name="com.pk.ATAChallenge2019.TestngTest2" tests="1" failures="0" timestamp="2019-11-08T20:25:44 IST" time="0.260" errors="0">
  <testcase name="nseindiaChromeTest" time="0.260" classname="com.pk.ATAChallenge2019.TestngTest2"/>
</testsuite> <!-- com.pk.ATAChallenge2019.TestngTest2 -->
