<?xml version="1.0" encoding="UTF-8"?>
<!-- Generated by org.testng.reporters.JUnitXMLReporter -->
<testsuite hostname="kupravin01" ignored="0" name="JunitTest1" tests="1" failures="0" timestamp="2019-11-13T14:39:04 IST" time="27.275" errors="0">
  <testcase name="agiletestingallianceChromeTest1 on agiletestingallianceChromeTest1(com.pk.ATAChallenge2019.JUnitTest1)" time="26.376" classname="com.pk.ATAChallenge2019.JUnitTest1"/>
</testsuite> <!-- JunitTest1 -->
