<?xml version="1.0" encoding="UTF-8"?>
<!-- Generated by org.testng.reporters.JUnitXMLReporter -->
<testsuite hostname="kupravin01" ignored="0" name="JunitTestSuite" tests="3" failures="0" timestamp="2019-10-15T17:09:15 IST" time="92.689" errors="0">
  <testcase name="ciiOnlineRegistartionTest on ciiOnlineRegistartionTest(com.pk.ATAChallenge2019.JUnitTest2)" time="12.015" classname="com.pk.ATAChallenge2019.JUnitTest2"/>
  <testcase name="premierLeagueTest on premierLeagueTest(com.pk.ATAChallenge2019.JUnitTest3)" time="38.951" classname="com.pk.ATAChallenge2019.JUnitTest3"/>
  <testcase name="hometownTest on hometownTest(com.pk.ATAChallenge2019.JUnitTest4)" time="90.516" classname="com.pk.ATAChallenge2019.JUnitTest4"/>
</testsuite> <!-- JunitTestSuite -->
